<?xml version="1.0" encoding="UTF-8"?>
<!-- Generated by org.testng.reporters.JUnitReportReporter -->
<testsuite hostname="DESKTOP-JCJ8HOK" failures="0" tests="1" name="suiteA.TestA1" time="2.019" errors="0" timestamp="23 Mar 2022 12:11:55 GMT" skipped="0">
  <testcase classname="suiteA.TestA1" name="f" time="2.019"/>
</testsuite> <!-- suiteA.TestA1 -->
