<?xml version="1.0" encoding="UTF-8"?>
<!-- Generated by org.testng.reporters.JUnitReportReporter -->
<testsuite hostname="DESKTOP-JCJ8HOK" failures="0" tests="3" name="project.NewTest2" time="0.022" errors="0" timestamp="07 Mar 2022 12:49:29 GMT" skipped="1">
  <testcase classname="project.NewTest2" name="f" time="0.020"/>
  <testcase classname="project.NewTest2" name="z" time="0.002"/>
  <testcase classname="project.NewTest2" name="a">
    <skipped/>
  </testcase> <!-- a -->
</testsuite> <!-- project.NewTest2 -->
