<?xml version="1.0" encoding="UTF-8"?>
<!-- Generated by org.testng.reporters.JUnitReportReporter -->
<testsuite hostname="DESKTOP-JCJ8HOK" failures="0" tests="1" name="suiteB.TestB3" time="2.017" errors="0" timestamp="23 Mar 2022 12:11:55 GMT" skipped="0">
  <testcase classname="suiteB.TestB3" name="f" time="2.017"/>
</testsuite> <!-- suiteB.TestB3 -->
