<?xml version="1.0" encoding="UTF-8"?>
<!-- Generated by org.testng.reporters.JUnitReportReporter -->
<testsuite hostname="DESKTOP-JCJ8HOK" failures="0" tests="4" name="project.TestDependency" time="0.032" errors="0" timestamp="23 Mar 2022 13:09:26 GMT" skipped="2">
  <testcase classname="project.TestDependency" name="orange" time="0.026"/>
  <testcase classname="project.TestDependency" name="blue" time="0.002"/>
  <testcase classname="project.TestDependency" name="white" time="0.004">
    <skipped/>
  </testcase> <!-- white -->
  <testcase classname="project.TestDependency" name="green" time="0.000">
    <skipped/>
  </testcase> <!-- green -->
</testsuite> <!-- project.TestDependency -->
