<?xml version="1.0" encoding="UTF-8"?>
<!-- Generated by org.testng.reporters.JUnitReportReporter -->
<testsuite hostname="DESKTOP-JCJ8HOK" failures="0" tests="1" name="project.NewTest" time="0.037" errors="0" timestamp="07 Mar 2022 12:47:17 GMT" skipped="0">
  <testcase classname="project.NewTest" name="f" time="0.037"/>
</testsuite> <!-- project.NewTest -->
