<?xml version="1.0" encoding="UTF-8"?>
<!-- Generated by org.testng.reporters.JUnitReportReporter -->
<testsuite hostname="DESKTOP-JCJ8HOK" failures="0" tests="7" name="project.TestsParallel" time="0.238" errors="0" timestamp="23 Mar 2022 12:33:41 GMT" skipped="0">
  <testcase classname="project.TestsParallel" name="test3" time="0.043"/>
  <testcase classname="project.TestsParallel" name="test1" time="0.043"/>
  <testcase classname="project.TestsParallel" name="test7" time="0.018"/>
  <testcase classname="project.TestsParallel" name="test4" time="0.043"/>
  <testcase classname="project.TestsParallel" name="test5" time="0.043"/>
  <testcase classname="project.TestsParallel" name="test2" time="0.043"/>
  <testcase classname="project.TestsParallel" name="test6" time="0.005"/>
</testsuite> <!-- project.TestsParallel -->
