<?xml version="1.0" encoding="UTF-8"?>
<!-- Generated by org.testng.reporters.JUnitReportReporter -->
<testsuite hostname="DESKTOP-JCJ8HOK" failures="0" tests="1" name="project.CheckBox1" time="18.050" errors="0" timestamp="23 Mar 2022 12:53:34 GMT" skipped="0">
  <testcase classname="project.CheckBox1" name="checkboxTest" time="18.050"/>
</testsuite> <!-- project.CheckBox1 -->
